<?xml version="1.0" encoding="UTF-8"?>
<testsuite name="Navegacion en Google" tests="1" skipped="0" failures="0" errors="0" timestamp="2023-03-30T16:29:38" hostname="DESKTOP-IH6LPG7" time="5.548">
  <properties/>
  <testcase name="Busqueda en Google" classname="Navegacion en Google" time="5.548"/>
  <system-out><![CDATA[]]></system-out>
  <system-err><![CDATA[Starting ChromeDriver 111.0.5563.64 (c710e93d5b63b7095afe8c2c17df34408078439d-refs/branch-heads/5563@{#995}) on port 42943
Only local connections are allowed.
Please see https://chromedriver.chromium.org/security-considerations for suggestions on keeping ChromeDriver safe.
ChromeDriver was started successfully.
mar. 30, 2023 11:29:39 A.M. org.openqa.selenium.remote.ProtocolHandshake createSession
INFO: Detected dialect: W3C
]]></system-err>
</testsuite>
